<?xml version="1.0" encoding="UTF-8"?>
<!-- Generated by org.testng.reporters.JUnitReportReporter -->
<testsuite hostname="BDC7-D-452SM71" name="testnglearning.NewTest" tests="2" failures="0" timestamp="9 Aug 2016 11:20:23 GMT" time="0.066" errors="0">
  <testcase name="aUnitTest" time="0.044" classname="testnglearning.NewTest"/>
  <testcase name="bFunctionalTest" time="0.022" classname="testnglearning.NewTest"/>
</testsuite> <!-- testnglearning.NewTest -->
