<?xml version="1.0" encoding="UTF-8"?>
<!-- Generated by org.testng.reporters.JUnitReportReporter -->
<testsuite hostname="BDC7-D-452SM71" name="testnglearning.SecondTest" tests="4" failures="0" timestamp="11 Aug 2016 06:43:02 GMT" time="0.081" errors="0">
  <testcase name="wFunctionalTest" time="0.021" classname="testnglearning.SecondTest"/>
  <testcase name="yFunctionalTest" time="0.020" classname="testnglearning.SecondTest"/>
  <testcase name="zFunctionalTest" time="0.020" classname="testnglearning.SecondTest"/>
  <testcase name="xUnitTest" time="0.020" classname="testnglearning.SecondTest"/>
</testsuite> <!-- testnglearning.SecondTest -->
