<?xml version="1.0" encoding="UTF-8"?>
<!-- Generated by org.testng.reporters.JUnitReportReporter -->
<testsuite hostname="BDC7-D-452SM71" name="testnglearning.NewTest" tests="4" failures="0" timestamp="11 Aug 2016 06:33:10 GMT" time="0.095" errors="0">
  <testcase name="bFunctionalTest" time="0.020" classname="testnglearning.NewTest"/>
  <testcase name="aUnitTest" time="0.033" classname="testnglearning.NewTest"/>
  <testcase name="cUnitTest" time="0.021" classname="testnglearning.NewTest"/>
  <testcase name="dFunctionalTest" time="0.021" classname="testnglearning.NewTest"/>
</testsuite> <!-- testnglearning.NewTest -->
